INFO-FLOW: Workspace /nfs_scratch/chen856/CMSPhase2GCTSum/METAlgo/hls/vivado_hls/proj/solution1 opened at Mon Nov 30 18:29:03 CST 2020
Execute     config_clock -quiet -name default -period 2.778 -unit ns -default=false 
INFO: [SYN 201-201] Setting up clock 'default' with a period of 2.778ns.
Execute     config_clock -quiet -name default -uncertainty 0.833 -unit % 
INFO: [SYN 201-201] Setting up clock 'default' with an uncertainty of 0.833ns.
Execute     config_clock -quiet -name get_clocks -period 2.778 -unit ns -default=false 
INFO: [SYN 201-201] Setting up clock 'get_clocks' with a period of 2.778ns.
Execute     config_clock -quiet -name get_clocks -uncertainty 0.833 -unit % 
INFO: [SYN 201-201] Setting up clock 'get_clocks' with an uncertainty of 0.833ns.
Execute     open_platform DefaultPlatform 
Execute     import_lib /opt/Xilinx/Vivado/2020.1/common/technology/xilinx/virtexuplus/virtexuplus 
Execute       source /opt/Xilinx/Vivado/2020.1/common/technology/xilinx/common/xilinx.lib 
Execute         source /opt/Xilinx/Vivado/2020.1/common/technology/xilinx/interface/xilinx_interface.lib 
Execute           source /opt/Xilinx/Vivado/2020.1/common/technology/xilinx/interface/plb46.lib 
Execute           source /opt/Xilinx/Vivado/2020.1/common/technology/xilinx/interface/fsl.lib 
Execute           source /opt/Xilinx/Vivado/2020.1/common/technology/xilinx/interface/axi4.lib 
Execute           source /opt/Xilinx/Vivado/2020.1/common/technology/xilinx/interface/maxi.lib 
Execute           source /opt/Xilinx/Vivado/2020.1/common/technology/xilinx/interface/saxilite.lib 
Execute         source /opt/Xilinx/Vivado/2020.1/common/technology/xilinx/common/dsp48.lib 
Execute         source /opt/Xilinx/Vivado/2020.1/common/technology/xilinx/ip/xfir.lib 
Execute         source /opt/Xilinx/Vivado/2020.1/common/technology/xilinx/ip/dds_compiler.lib 
Execute         source /opt/Xilinx/Vivado/2020.1/common/technology/xilinx/ip/xfft.lib 
Execute       source /opt/Xilinx/Vivado/2020.1/common/technology/xilinx/common/xilinx.hlp 
Execute         source /opt/Xilinx/Vivado/2020.1/common/technology/xilinx/common/target_info.tcl 
Execute         source /opt/Xilinx/Vivado/2020.1/common/technology/xilinx/interface/xilinx_interface.hlp 
Execute           source /opt/Xilinx/Vivado/2020.1/common/technology/xilinx/interface/maxi.hlp 
Execute           source /opt/Xilinx/Vivado/2020.1/common/technology/xilinx/interface/saxilite.hlp 
Execute         source /opt/Xilinx/Vivado/2020.1/common/technology/xilinx/common/dsp48.hlp 
Execute       source /opt/Xilinx/Vivado/2020.1/common/technology/xilinx/virtexuplus/dsp48e2.hlp 
Execute       source /opt/Xilinx/Vivado/2020.1/common/technology/xilinx/common/xilinx.hlp 
Execute         source /opt/Xilinx/Vivado/2020.1/common/technology/xilinx/common/target_info.tcl 
Execute         source /opt/Xilinx/Vivado/2020.1/common/technology/xilinx/interface/xilinx_interface.hlp 
Execute           source /opt/Xilinx/Vivado/2020.1/common/technology/xilinx/interface/maxi.hlp 
Execute           source /opt/Xilinx/Vivado/2020.1/common/technology/xilinx/interface/saxilite.hlp 
Execute         source /opt/Xilinx/Vivado/2020.1/common/technology/xilinx/common/dsp48.hlp 
Execute     source /opt/Xilinx/Vivado/2020.1/common/technology/xilinx/virtexuplus/virtexuplus.gen 
Execute       source /opt/Xilinx/Vivado/2020.1/common/technology/xilinx/common/xilinx.gen 
Execute         source /opt/Xilinx/Vivado/2020.1/common/technology/xilinx/interface/plb46.gen 
Execute         source /opt/Xilinx/Vivado/2020.1/common/technology/xilinx/interface/fsl.gen 
Execute         source /opt/Xilinx/Vivado/2020.1/common/technology/xilinx/interface/axi4.gen 
Execute         source /opt/Xilinx/Vivado/2020.1/common/technology/xilinx/interface/nativeAXI4.gen 
Execute           source /opt/Xilinx/Vivado/2020.1/common/technology/xilinx/interface/saxilite.gen 
Execute           source /opt/Xilinx/Vivado/2020.1/common/technology/xilinx/interface/maxi.gen 
Execute         source /opt/Xilinx/Vivado/2020.1/common/technology/xilinx/scripts/xilinxcoregen.gen 
Execute         source /opt/Xilinx/Vivado/2020.1/common/technology/xilinx/interface/XilEDKCoreGen.gen 
Execute         source /opt/Xilinx/Vivado/2020.1/common/technology/xilinx/ip/dds_compiler.gen 
Execute         source /opt/Xilinx/Vivado/2020.1/common/technology/xilinx/ip/util.gen 
Execute         source /opt/Xilinx/Vivado/2020.1/common/technology/xilinx/ip/xfft.gen 
Command         ap_source done; 0.14 sec.
Execute         source /opt/Xilinx/Vivado/2020.1/common/technology/xilinx/ip/xfir.gen 
Execute         source /opt/Xilinx/Vivado/2020.1/common/technology/xilinx/common/dsp48.gen 
Command       ap_source done; 0.23 sec.
Command     ap_source done; 0.23 sec.
Execute     open_platform DefaultPlatform 
Execute     import_lib /opt/Xilinx/Vivado/2020.1/common/technology/xilinx/virtexuplus/virtexuplus_fpv7 
Execute       source /opt/Xilinx/Vivado/2020.1/common/technology/xilinx/common/xilinx_fp.lib 
Execute       source /opt/Xilinx/Vivado/2020.1/common/technology/xilinx/common/xilinx_fp.hlp 
Execute         source /opt/Xilinx/Vivado/2020.1/common/technology/xilinx/common/xilinx.hlp 
Execute           source /opt/Xilinx/Vivado/2020.1/common/technology/xilinx/common/target_info.tcl 
Execute           source /opt/Xilinx/Vivado/2020.1/common/technology/xilinx/interface/xilinx_interface.hlp 
Execute             source /opt/Xilinx/Vivado/2020.1/common/technology/xilinx/interface/maxi.hlp 
Execute             source /opt/Xilinx/Vivado/2020.1/common/technology/xilinx/interface/saxilite.hlp 
Execute           source /opt/Xilinx/Vivado/2020.1/common/technology/xilinx/common/dsp48.hlp 
Execute     source /opt/Xilinx/Vivado/2020.1/common/technology/xilinx/virtexuplus/virtexuplus_fpv7.gen 
Execute       source /opt/Xilinx/Vivado/2020.1/common/technology/xilinx/common/xilinx_fp.gen 
Execute     set_part xcvu9p-flgc2104-1-e 
Execute       ap_part_info -name xcvu9p-flgc2104-1-e -data single -quiet 
Command       ap_part_info done; 8.2 sec.
Execute       ap_part_info -name xcvu9p-flgc2104-1-e -data info 
Execute       add_library xilinx/virtexuplus/virtexuplus:xcvu9p:-flgc2104:-1-e 
Execute         get_default_platform 
Execute         ap_part_info -data single -name xcvu9p-flgc2104-1-e 
Execute         ap_part_info -name xcvu9p-flgc2104-1-e -data resources 
Execute         ap_part_info -name xcvu9p-flgc2104-1-e -data info 
Execute         ap_part_info -name xcvu9p-flgc2104-1-e -data info 
Execute         config_chip_info -quiet -resource {SLICE 147780} {LUT 1182240} {FF 2364480} {DSP48E 6840} {BRAM 4320} {URAM 960} {SLR 3} 
Execute         ap_part_info -name xcvu9p-flgc2104-1-e -data info 
Execute         config_chip_info -quiet -speed slow 
Command       add_library done; 0.11 sec.
Execute       add_library xilinx/virtexuplus/virtexuplus_fpv7 
Execute         get_default_platform 
INFO: [HLS 200-10] Setting target device to 'xcvu9p-flgc2104-1-e'
Execute       ap_part_info -name xcvu9p-flgc2104-1-e -data info 
Execute       get_default_platform 
Command     set_part done; 8.58 sec.
Execute     ap_part_info -data single -name xcvu9p-flgc2104-1-e 
Execute     ap_part_info -name xcvu9p-flgc2104-1-e -data resources 
Execute     ap_part_info -name xcvu9p-flgc2104-1-e -data info 
Execute     ap_part_info -name xcvu9p-flgc2104-1-e -data info 
Execute     config_chip_info -quiet -resource {SLICE 147780} {LUT 1182240} {FF 2364480} {DSP48E 6840} {BRAM 4320} {URAM 960} {SLR 3} 
Execute     ap_part_info -name xcvu9p-flgc2104-1-e -data info 
Execute     config_chip_info -quiet -speed slow 
Command   open_solution done; 9.02 sec.
Execute   set_part xcvu9p-flgc2104-1-e 
Execute     ap_part_info -name xcvu9p-flgc2104-1-e -data single -quiet 
Execute     ap_part_info -name xcvu9p-flgc2104-1-e -data info 
Execute     add_library xilinx/virtexuplus/virtexuplus:xcvu9p:-flgc2104:-1-e 
Execute       get_default_platform 
Execute       ap_part_info -data single -name xcvu9p-flgc2104-1-e 
Execute       ap_part_info -name xcvu9p-flgc2104-1-e -data resources 
Execute       ap_part_info -name xcvu9p-flgc2104-1-e -data info 
Execute       ap_part_info -name xcvu9p-flgc2104-1-e -data info 
Execute       config_chip_info -quiet -resource {SLICE 147780} {LUT 1182240} {FF 2364480} {DSP48E 6840} {BRAM 4320} {URAM 960} {SLR 3} 
Execute       ap_part_info -name xcvu9p-flgc2104-1-e -data info 
Execute       config_chip_info -quiet -speed slow 
Execute     add_library xilinx/virtexuplus/virtexuplus_fpv7 
Execute       get_default_platform 
Execute     ap_part_info -name xcvu9p-flgc2104-1-e -data info 
Execute     get_default_platform 
Command   set_part done; 0.38 sec.
Execute   create_clock -period 360MHz -name default 
Execute   create_clock -period 360MHz -name get_clocks 
Execute   set_clock_uncertainty 30% 
Execute   csynth_design 
Execute     get_config_compile -dump_cfg 
Execute     get_config_compile -effort 
Execute     get_config_compile -enable_clang39 
Execute     get_config_compile -g 
Execute     get_config_compile -ng 
Execute     get_config_compile -opt_fp 
Execute     get_config_compile -skip_cdt 
Execute     get_config_compile -skip_syncheck 
Execute     get_config_compile -skip_transform 
Execute     get_config_compile -keep_printf 
Execute     elaborate -effort=medium -skip_syncheck=0 -keep_printf=0 -skip_cdt=0 -skip_transform=0 -ng=0 -g=0 -opt_fp=0 -from_csynth_design=1 
Execute       get_config_schedule -relax_ii_for_timing 
INFO: [SCHED 204-61] Option 'relax_ii_for_timing' is enabled, will increase II to preserve clock frequency constraints.
Execute       get_config_schedule -suppress_dependence_error_break 
INFO: [HLS 200-10] Analyzing design file 'src/algo_top.cpp' ... 
INFO-FLOW: Compiling one TU...
Execute       is_m_axi_addr64 
INFO-FLOW: Handling src/algo_top.cpp as C++
Execute       ap_part_info -name xcvu9p-flgc2104-1-e -data info 
Execute       is_encrypted src/algo_top.cpp 
Execute       ap_part_info -name xcvu9p-flgc2104-1-e -data info 
INFO-FLOW: Running: GCC PP
INFO-FLOW: Source preprocessing
Execute       clang  -fno-limit-debug-info -gcc-toolchain "/opt/Xilinx/Vivado/2020.1/lnx64/tools/gcc" -hls  -fno-exceptions  -D__llvm__  -E "src/algo_top.cpp"     -fno-math-errno -c -emit-llvm -O0  -mllvm -disable-llvm-optzns -fno-threadsafe-statics  -fno-use-cxa-atexit  -fno-threadsafe-statics -fno-use-cxa-atexit -D__CLANG_3_1__ -DAESL_SYN -D__SYNTHESIS__ -D__HLS_SYN__ -I "/opt/Xilinx/Vivado/2020.1/common/technology/autopilot" -I "/opt/Xilinx/Vivado/2020.1/common/technology/autopilot/ap_sysc" -include etc/autopilot_ssdm_op.h -D__DSP48E2__  -o "/nfs_scratch/chen856/CMSPhase2GCTSum/METAlgo/hls/vivado_hls/proj/solution1/.autopilot/db/algo_top.pp.0.cpp" 
INFO-FLOW: exec /opt/Xilinx/Vivado/2020.1/lnx64/tools/clang/bin/clang -fno-limit-debug-info -gcc-toolchain /opt/Xilinx/Vivado/2020.1/lnx64/tools/gcc -hls -fno-exceptions -D__llvm__ -E src/algo_top.cpp -fno-math-errno -c -emit-llvm -O0 -mllvm -disable-llvm-optzns -fno-threadsafe-statics -fno-use-cxa-atexit -fno-threadsafe-statics -fno-use-cxa-atexit -D__CLANG_3_1__ -DAESL_SYN -D__SYNTHESIS__ -D__HLS_SYN__ -I /opt/Xilinx/Vivado/2020.1/common/technology/autopilot -I /opt/Xilinx/Vivado/2020.1/common/technology/autopilot/ap_sysc -include etc/autopilot_ssdm_op.h -D__DSP48E2__ -o /nfs_scratch/chen856/CMSPhase2GCTSum/METAlgo/hls/vivado_hls/proj/solution1/.autopilot/db/algo_top.pp.0.cpp
Command       clang done; 3.57 sec.
Execute       tidy_31 xilinx-xfmat-array-geometry /nfs_scratch/chen856/CMSPhase2GCTSum/METAlgo/hls/vivado_hls/proj/solution1/.autopilot/db/algo_top.pp.0.cpp std=gnu++98 
INFO-FLOW: exec /opt/Xilinx/Vivado/2020.1/lnx64/tools/clang-3.9-csynth/bin/tidy-3.1 -header-filter=.* -checks=-*,xilinx-xfmat-array-geometry -quiet -fix /nfs_scratch/chen856/CMSPhase2GCTSum/METAlgo/hls/vivado_hls/proj/solution1/.autopilot/db/algo_top.pp.0.cpp -- -std=gnu++98 -fhls -ferror-limit=0
Command       tidy_31 done; 35.18 sec.
INFO-FLOW: Syntax Checking before pre-processing...
Execute       clang -syntaxcheck -src /nfs_scratch/chen856/CMSPhase2GCTSum/METAlgo/hls/vivado_hls/proj/solution1/.autopilot/db/algo_top.pp.0.cpp  -fno-limit-debug-info -gcc-toolchain "/opt/Xilinx/Vivado/2020.1/lnx64/tools/gcc" -hls    -fno-math-errno -c -emit-llvm -O0  -mllvm -disable-llvm-optzns -fno-threadsafe-statics  -fno-use-cxa-atexit  -fno-threadsafe-statics -fno-use-cxa-atexit -D__CLANG_3_1__ -DAESL_SYN -D__SYNTHESIS__ -D__HLS_SYN__ -I "/opt/Xilinx/Vivado/2020.1/common/technology/autopilot" -I "/opt/Xilinx/Vivado/2020.1/common/technology/autopilot/ap_sysc" -include etc/autopilot_ssdm_op.h -D__DSP48E2__  "/nfs_scratch/chen856/CMSPhase2GCTSum/METAlgo/hls/vivado_hls/proj/solution1/.autopilot/db/algo_top.pp.0.cpp"  -o "/nfs_scratch/chen856/CMSPhase2GCTSum/METAlgo/hls/vivado_hls/proj/solution1/.autopilot/db/useless.bc"  
INFO-FLOW: exec /opt/Xilinx/Vivado/2020.1/lnx64/tools/clang/bin/clang -fno-limit-debug-info -gcc-toolchain /opt/Xilinx/Vivado/2020.1/lnx64/tools/gcc -hls -fno-math-errno -c -emit-llvm -O0 -mllvm -disable-llvm-optzns -fno-threadsafe-statics -fno-use-cxa-atexit -fno-threadsafe-statics -fno-use-cxa-atexit -D__CLANG_3_1__ -DAESL_SYN -D__SYNTHESIS__ -D__HLS_SYN__ -I /opt/Xilinx/Vivado/2020.1/common/technology/autopilot -I /opt/Xilinx/Vivado/2020.1/common/technology/autopilot/ap_sysc -include etc/autopilot_ssdm_op.h -D__DSP48E2__ /nfs_scratch/chen856/CMSPhase2GCTSum/METAlgo/hls/vivado_hls/proj/solution1/.autopilot/db/algo_top.pp.0.cpp -o /nfs_scratch/chen856/CMSPhase2GCTSum/METAlgo/hls/vivado_hls/proj/solution1/.autopilot/db/useless.bc
Command       clang done; 22.49 sec.
INFO-FLOW: Done: GCC PP time: 61.2 seconds per iteration
Execute       source /opt/Xilinx/Vivado/2020.1/tps/tcl/tcllib1.11.1/yaml/huddle.tcl 
Execute       source /opt/Xilinx/Vivado/2020.1/tps/tcl/tcllib1.11.1/yaml/json2huddle.tcl 
Execute         source /opt/Xilinx/Vivado/2020.1/tps/tcl/tcllib1.11.1/try/try.tcl 
Execute       list_core -type functional_unit 
Execute       tidy_31 xilinx-systemc-detector /nfs_scratch/chen856/CMSPhase2GCTSum/METAlgo/hls/vivado_hls/proj/solution1/.autopilot/db/algo_top.pp.0.cpp std=gnu++98 -directive=/nfs_scratch/chen856/CMSPhase2GCTSum/METAlgo/hls/vivado_hls/proj/solution1/.autopilot/db/.systemc_flag 
INFO-FLOW: exec /opt/Xilinx/Vivado/2020.1/lnx64/tools/clang-3.9-csynth/bin/tidy-3.1 -header-filter=.* -checks=-*,xilinx-systemc-detector -import-directive=/nfs_scratch/chen856/CMSPhase2GCTSum/METAlgo/hls/vivado_hls/proj/solution1/.autopilot/db/.systemc_flag -quiet -fix-errors /nfs_scratch/chen856/CMSPhase2GCTSum/METAlgo/hls/vivado_hls/proj/solution1/.autopilot/db/algo_top.pp.0.cpp -- -std=gnu++98 -fhls -ferror-limit=0
Command       tidy_31 done; 34.88 sec.
INFO-FLOW: Running: tidy-3.1 CDT preprocess
Execute       tidy_31 xilinx-directive2pragma /nfs_scratch/chen856/CMSPhase2GCTSum/METAlgo/hls/vivado_hls/proj/solution1/.autopilot/db/algo_top.pp.0.cpp std=gnu++98 -directive=/nfs_scratch/chen856/CMSPhase2GCTSum/METAlgo/hls/vivado_hls/proj/solution1/.autopilot/db/all.directive.json 
INFO-FLOW: exec /opt/Xilinx/Vivado/2020.1/lnx64/tools/clang-3.9-csynth/bin/tidy-3.1 -header-filter=.* -checks=-*,xilinx-directive2pragma -import-directive=/nfs_scratch/chen856/CMSPhase2GCTSum/METAlgo/hls/vivado_hls/proj/solution1/.autopilot/db/all.directive.json -quiet -fix-errors /nfs_scratch/chen856/CMSPhase2GCTSum/METAlgo/hls/vivado_hls/proj/solution1/.autopilot/db/algo_top.pp.0.cpp -- -std=gnu++98 -fhls -ferror-limit=0
Command       tidy_31 done; 35.26 sec.
Execute       get_config_dataflow -strict_mode 
Execute       ap_eval exec -ignorestderr /opt/Xilinx/Vivado/2020.1/lnx64/tools/clang-3.9-csynth/bin/xilinx-dataflow-lawyer -export-fixes=/nfs_scratch/chen856/CMSPhase2GCTSum/METAlgo/hls/vivado_hls/proj/solution1/.autopilot/db/xilinx-dataflow-lawyer.algo_top.pp.0.cpp.diag.yml /nfs_scratch/chen856/CMSPhase2GCTSum/METAlgo/hls/vivado_hls/proj/solution1/.autopilot/db/algo_top.pp.0.cpp -- -std=gnu++98 -fhls -ferror-limit=0 -fstrict-dataflow > /nfs_scratch/chen856/CMSPhase2GCTSum/METAlgo/hls/vivado_hls/proj/solution1/.autopilot/db/xilinx-dataflow-lawyer.algo_top.pp.0.cpp.out.log 2> /nfs_scratch/chen856/CMSPhase2GCTSum/METAlgo/hls/vivado_hls/proj/solution1/.autopilot/db/xilinx-dataflow-lawyer.algo_top.pp.0.cpp.err.log 
Command       ap_eval done; 36.57 sec.
Execute       tidy_31 -errorcheck xilinx-constantarray-param,xilinx-resource-pragma-transformer,xilinx-xfmat-array-geometry /nfs_scratch/chen856/CMSPhase2GCTSum/METAlgo/hls/vivado_hls/proj/solution1/.autopilot/db/algo_top.pp.0.cpp std=gnu++98 
Execute         ap_eval exec -ignorestderr /opt/Xilinx/Vivado/2020.1/lnx64/tools/clang-3.9-csynth/bin/tidy-3.1 -export-fixes=/nfs_scratch/chen856/CMSPhase2GCTSum/METAlgo/hls/vivado_hls/proj/solution1/.autopilot/db/tidy-3.1.algo_top.pp.0.cpp.diag.yml -header-filter=.* -checks=-*,xilinx-constantarray-param,xilinx-resource-pragma-transformer,xilinx-xfmat-array-geometry -quiet -fix-errors /nfs_scratch/chen856/CMSPhase2GCTSum/METAlgo/hls/vivado_hls/proj/solution1/.autopilot/db/algo_top.pp.0.cpp -- -std=gnu++98 -fhls -ferror-limit=0 > /nfs_scratch/chen856/CMSPhase2GCTSum/METAlgo/hls/vivado_hls/proj/solution1/.autopilot/db/tidy-3.1.algo_top.pp.0.cpp.out.log 2> /nfs_scratch/chen856/CMSPhase2GCTSum/METAlgo/hls/vivado_hls/proj/solution1/.autopilot/db/tidy-3.1.algo_top.pp.0.cpp.err.log 
Command         ap_eval done; 48.95 sec.
Execute         source /opt/Xilinx/Vivado/2020.1/tps/tcl/tcllib1.11.1/yaml/yaml.tcl 
Execute           source /opt/Xilinx/Vivado/2020.1/tps/tcl/tcllib1.11.1/cmdline/cmdline.tcl 
Execute         ap_eval exec -ignorestderr /opt/Xilinx/Vivado/2020.1/lnx64/tools/clang-3.9-csynth/bin/xilinx-legacy-rewriter /nfs_scratch/chen856/CMSPhase2GCTSum/METAlgo/hls/vivado_hls/proj/solution1/.autopilot/db/algo_top.pp.0.cpp -- -std=gnu++98 -fhls -ferror-limit=0 > /nfs_scratch/chen856/CMSPhase2GCTSum/METAlgo/hls/vivado_hls/proj/solution1/.autopilot/db/xilinx-legacy-rewriter.algo_top.pp.0.cpp.out.log 2> /nfs_scratch/chen856/CMSPhase2GCTSum/METAlgo/hls/vivado_hls/proj/solution1/.autopilot/db/xilinx-legacy-rewriter.algo_top.pp.0.cpp.err.log 
Command         ap_eval done; 27.6 sec.
Command       tidy_31 done; 77.95 sec.
INFO-FLOW: Done: tidy-3.1 CDT preprocess time: 149.8 seconds per iteration
INFO-FLOW: Pragma Handling...
Execute       tidy_31 xilinx-ssdm-intrinsics-arguments /nfs_scratch/chen856/CMSPhase2GCTSum/METAlgo/hls/vivado_hls/proj/solution1/.autopilot/db/algo_top.pragma.1.cpp std=gnu++98 
INFO-FLOW: exec /opt/Xilinx/Vivado/2020.1/lnx64/tools/clang-3.9-csynth/bin/tidy-3.1 -header-filter=.* -checks=-*,xilinx-ssdm-intrinsics-arguments -quiet -fix-errors /nfs_scratch/chen856/CMSPhase2GCTSum/METAlgo/hls/vivado_hls/proj/solution1/.autopilot/db/algo_top.pragma.1.cpp -- -std=gnu++98 -fhls -ferror-limit=0
Command       tidy_31 done; 45.65 sec.
Execute       ap_part_info -name xcvu9p-flgc2104-1-e -data info 
INFO-FLOW: Processing labels
Execute       clang -src /nfs_scratch/chen856/CMSPhase2GCTSum/METAlgo/hls/vivado_hls/proj/solution1/.autopilot/db/algo_top.pragma.2.cpp  -fno-limit-debug-info -gcc-toolchain /opt/Xilinx/Vivado/2020.1/lnx64/tools/gcc -hls -hls-analyze-label -hls-analyze-pragma -fno-exceptions  -D__llvm__  -w  "/nfs_scratch/chen856/CMSPhase2GCTSum/METAlgo/hls/vivado_hls/proj/solution1/.autopilot/db/algo_top.pragma.2.cpp"    -fno-math-errno -c -emit-llvm -O0  -mllvm -disable-llvm-optzns -fno-threadsafe-statics  -fno-use-cxa-atexit -DAESL_SYN -D__SYNTHESIS__ -D__HLS_SYN__ -I "/opt/Xilinx/Vivado/2020.1/common/technology/autopilot" -I "/opt/Xilinx/Vivado/2020.1/common/technology/autopilot/ap_sysc" -include etc/autopilot_ssdm_op.h -D__DSP48E2__ -g -o "/nfs_scratch/chen856/CMSPhase2GCTSum/METAlgo/hls/vivado_hls/proj/solution1/.autopilot/db/algo_top.bc" 
INFO-FLOW: exec /opt/Xilinx/Vivado/2020.1/lnx64/tools/clang/bin/clang -fno-limit-debug-info -gcc-toolchain /opt/Xilinx/Vivado/2020.1/lnx64/tools/gcc -hls -hls-analyze-label -hls-analyze-pragma -fno-exceptions -D__llvm__ -w /nfs_scratch/chen856/CMSPhase2GCTSum/METAlgo/hls/vivado_hls/proj/solution1/.autopilot/db/algo_top.pragma.2.cpp -fno-math-errno -c -emit-llvm -O0 -mllvm -disable-llvm-optzns -fno-threadsafe-statics -fno-use-cxa-atexit -DAESL_SYN -D__SYNTHESIS__ -D__HLS_SYN__ -I /opt/Xilinx/Vivado/2020.1/common/technology/autopilot -I /opt/Xilinx/Vivado/2020.1/common/technology/autopilot/ap_sysc -include etc/autopilot_ssdm_op.h -D__DSP48E2__ -g -o /nfs_scratch/chen856/CMSPhase2GCTSum/METAlgo/hls/vivado_hls/proj/solution1/.autopilot/db/algo_top.bc
