INFO: [SIM 2] *************** CSIM start ***************
INFO: [SIM 4] CSIM will launch GCC as the compiler.
make: `csim.exe' is up to date.
Input data:
   0  0x00 0x0000000000000029  0x00 0x0000000000000011  0x00 0x0000000000000029  0x00 0x0000000000000011  0x00 0x0000000000000029  0x00 0x0000000000000011  
   1  0x00 0x002f000000000000  0x00 0x004a000000000000  0x00 0x002f000000000000  0x00 0x004a000000000000  0x00 0x002f000000000000  0x00 0x004a000000000000  
   2  0x00 0x0008000000000000  0x00 0x0026000000000000  0x00 0x0008000000000000  0x00 0x0026000000000000  0x00 0x0008000000000000  0x00 0x0026000000000000  
   3  0x00 0x0000000000000001  0x00 0x000000000000000b  0x00 0x0000000000000001  0x00 0x000000000000000b  0x00 0x0000000000000001  0x00 0x000000000000000b  
   4  0x00 0x0000000000000000  0x00 0x0000000000000000  0x00 0x0000000000000000  0x00 0x0000000000000000  0x00 0x0000000000000000  0x00 0x0000000000000000  
   5  0x00 0xffcc0000ffd00000  0x00 0x002f0000003f0000  0x00 0xffcc0000ffd00000  0x00 0x002f0000003f0000  0x00 0xffcc0000ffd00000  0x00 0x002f0000003f0000  
   6  0x00 0x0000000000000000  0x00 0x0000000000000000  0x00 0x0000000000000000  0x00 0x0000000000000000  0x00 0x0000000000000000  0x00 0x0000000000000000  
   7  0x00 0x0000000000000000  0x00 0x0000000000000000  0x00 0x0000000000000000  0x00 0x0000000000000000  0x00 0x0000000000000000  0x00 0x0000000000000000  
   8  0x00 0x0000000000000000  0x00 0x0000000000000000  0x00 0x0000000000000000  0x00 0x0000000000000000  0x00 0x0000000000000000  0x00 0x0000000000000000  
Output data:
   0  0x00 0x000000000000604b  
   1  0x00 0x0000000000000000  
   2  0x00 0x0000000000000000  
   3  0x00 0x0000000000000000  
   4  0x00 0x0000000000000000  
   5  0x00 0x0000000000000000  
   6  0x00 0x0000000000000000  
   7  0x00 0x0000000000000000  
   8  0x00 0x0000000000000000  
HLS output matches!
INFO: [SIM 1] CSim done with 0 errors.
INFO: [SIM 3] *************** CSIM finish ***************
